1 0.04
2 0.14
3 0.29
4 0.13
5 0.23
6 0.16
7 0.21
8 0.22
9 0.3
10 0.23
11 0.24
12 0.23
13 0.23
14 0.25
15 0.21
16 0.28
17 0.31
18 0.4
19 0.33
20 0.28
21 0.35
22 0.26
23 0.22
24 0.26
25 0.35
26 0.23
27 0.29
28 0.22
29 0.34
30 0.21
31 0.23
32 0.27
33 0.34
34 0.28
35 0.23
36 0.26
37 0.34
38 0.3
39 0.3
40 0.28
41 0.15
42 0.31
43 0.31
44 0.25
45 0.21
46 0.22
47 0.21
48 0.27
49 0.4
50 0.23
51 0.33
52 0.31
53 0.35
54 0.24
55 0.25
56 0.35
57 0.3
58 0.35
59 0.37
60 0.36
61 0.41
62 0.42
63 0.44
64 0.34
65 0.31
66 0.35
67 0.26
68 0.34
69 0.26
70 0.42
71 0.29
72 0.36
73 0.22
74 0.3
75 0.36
76 0.34
77 0.31
78 0.4
79 0.39
80 0.37
81 0.32
82 0.34
83 0.28
84 0.4
85 0.37
86 0.39
87 0.28
88 0.37
89 0.33
90 0.34
91 0.38
92 0.28
93 0.33
94 0.31
95 0.42
96 0.39
97 0.46
98 0.5
99 0.39
100 0.52
