1 0.12
2 0.12
3 0.28
4 0.25
5 0.26
6 0.19
7 0.18
8 0.24
9 0.23
10 0.23
1 0.01
2 0.1
3 0.24
4 0.25
5 0.24
6 0.22
7 0.2
8 0.17
9 0.22
10 0.32
11 0.3
12 0.21
13 0.23
14 0.25
15 0.31
16 0.22
17 0.2
18 0.25
19 0.23
20 0.25
21 0.29
22 0.2
23 0.22
24 0.19
25 0.37
26 0.21
27 0.33
28 0.36
29 0.27
30 0.25
31 0.23
32 0.36
33 0.36
34 0.28
35 0.17
36 0.23
37 0.3
38 0.23
39 0.21
40 0.18
41 0.27
42 0.33
43 0.22
44 0.3
45 0.26
46 0.24
47 0.26
48 0.29
49 0.22
50 0.27
51 0.26
52 0.23
53 0.35
54 0.34
55 0.39
56 0.38
57 0.38
58 0.32
59 0.43
60 0.34
61 0.27
62 0.28
63 0.25
64 0.21
65 0.39
66 0.26
67 0.22
68 0.29
69 0.18
70 0.27
71 0.36
72 0.27
73 0.29
74 0.29
75 0.33
76 0.23
77 0.43
78 0.27
79 0.33
80 0.34
81 0.38
82 0.2
83 0.37
84 0.19
85 0.29
86 0.24
87 0.36
88 0.37
89 0.25
90 0.21
91 0.36
92 0.33
93 0.36
94 0.36
95 0.34
96 0.35
97 0.29
98 0.32
99 0.31
100 0.28
101 0.34
102 0.36
103 0.27
104 0.26
105 0.37
106 0.38
107 0.52
108 0.48
109 0.34
110 0.36
111 0.39
112 0.38
113 0.28
114 0.33
115 0.3
116 0.36
117 0.34
118 0.38
119 0.3
120 0.32
121 0.47
122 0.39
123 0.39
124 0.32
125 0.28
126 0.28
127 0.26
128 0.24
129 0.29
130 0.31
131 0.33
132 0.29
133 0.37
134 0.29
135 0.31
136 0.34
137 0.25
138 0.4
139 0.36
140 0.31
141 0.31
142 0.34
143 0.37
144 0.29
145 0.34
146 0.33
147 0.36
148 0.34
149 0.29
150 0.22
151 0.29
152 0.26
153 0.33
154 0.31
155 0.39
156 0.31
157 0.25
158 0.39
159 0.28
160 0.22
161 0.3
162 0.23
163 0.29
164 0.35
165 0.36
166 0.3
167 0.22
168 0.23
169 0.37
170 0.27
171 0.28
172 0.29
173 0.3
174 0.22
175 0.31
176 0.34
177 0.35
178 0.34
179 0.29
180 0.36
181 0.25
182 0.34
183 0.27
184 0.28
185 0.37
186 0.38
187 0.32
188 0.33
189 0.37
190 0.34
191 0.38
192 0.37
193 0.32
194 0.22
195 0.26
196 0.29
197 0.28
198 0.29
199 0.26
200 0.24
201 0.3
202 0.38
203 0.3
204 0.36
205 0.28
206 0.44
207 0.39
208 0.23
209 0.3
210 0.3
211 0.36
212 0.44
213 0.33
214 0.3
215 0.29
216 0.34
217 0.32
218 0.34
219 0.38
220 0.34
221 0.34
222 0.24
223 0.39
224 0.33
225 0.35
226 0.42
227 0.42
228 0.2
229 0.39
230 0.36
231 0.39
232 0.41
233 0.42
234 0.37
235 0.32
236 0.41
237 0.27
238 0.25
239 0.43
240 0.34
241 0.38
242 0.4
243 0.26
244 0.29
245 0.41
246 0.39
247 0.27
248 0.36
249 0.33
250 0.28
251 0.38
252 0.38
253 0.36
254 0.27
255 0.41
256 0.34
257 0.29
258 0.27
259 0.3
260 0.35
261 0.38
262 0.3
263 0.34
264 0.3
265 0.29
266 0.28
267 0.31
268 0.3
269 0.33
270 0.28
271 0.34
272 0.26
273 0.27
274 0.26
275 0.32
276 0.35
277 0.36
278 0.3
279 0.37
280 0.3
281 0.28
282 0.26
283 0.29
284 0.28
285 0.33
286 0.32
287 0.31
288 0.33
289 0.26
290 0.3
291 0.28
292 0.29
293 0.22
294 0.38
295 0.33
296 0.28
297 0.31
298 0.31
299 0.29
300 0.35
